     1                                  bits 32 ; assembling for the 32 bits architecture
     2                                  
     3                                  ; declare the EntryPoint (a label defining the very first instruction of the program)
     4                                  global start        
     5                                  
     6                                  ; declare external functions needed by our program
     7                                  extern exit               ; tell nasm that exit exists even if we won't be defining it
     8                                  import exit msvcrt.dll    ; exit is a function that ends the calling process. It is defined in msvcrt.dll
     9                                                            ; msvcrt.dll contains exit, printf and all the other important C-runtime specific functions
    10                                  
    11                                  ; our data is declared here (the variables needed by our program)
    12                                  segment data use32 class=data
    13                                      ; ...
    14 00000000 0700                        a dw 7
    15 00000002 <res 00000004>              prim resd 1
    16                                  ; our code starts here
    17                                  segment code use32 class=code
    18                                  
    19                                  factorial:                  ; int _stdcall factorial(int n)
    20 00000000 B801000000              	mov eax, 1
    21 00000005 8B4C2404                	mov ecx, [esp + 4]  ; read the parameter from the stack
    22                                  
    23                                  	repeat: 
    24 00000009 F7E1                    		mul ecx
    25 0000000B E2FC                    	loop repeat         ; the case ecx = 0 is not considered
    26                                  
    27 0000000D C3                      	ret 
    28                                      start:
    29                                          ; ...
    30 0000000E 6A05                            push dword 5
    31 00000010 E8EBFFFFFF                      call factorial
    32                                        
    33                                          
    34                                          ; exit(0)
    35 00000015 6A00                            push    dword 0      ; push the parameter for exit onto the stack
    36 00000017 FF15[00000000]                  call    [exit]       ; call exit to terminate the program
