     1                                  bits 32 ; assembling for the 32 bits architecture
     2                                  
     3                                  ; declare the EntryPoint (a label defining the very first instruction of the program)
     4                                  global start        
     5                                  
     6                                  ; declare external functions needed by our program
     7                                  extern exit               ; tell nasm that exit exists even if we won't be defining it
     8                                  import exit msvcrt.dll    ; exit is a function that ends the calling process. It is defined in msvcrt.dll
     9                                                            ; msvcrt.dll contains exit, printf and all the other important C-runtime specific functions
    10                                  
    11                                  ; our data is declared here (the variables needed by our program)
    12                                  segment data use32 class=data
    13                                      ; ...
    14                                      ;(a*b-2*c*d)/(c-e)+x/a
    15                                      ; a,b,c,d-byte; e-word; x-qword
    16 00000000 03                          a db 3
    17 00000001 06                          b db 6
    18 00000002 07                          c db 7
    19 00000003 05                          d db 5
    20 00000004 0A00                        e dw 10
    21 00000006 2100000000000000            x dq 33
    22                                      
    23                                      ;UNSIGNED REPRESENTATION
    24                                  ; our code starts here
    25                                  segment code use32 class=code
    26                                      start:
    27                                          ; ...
    28 00000000 A0[00000000]                   mov al,[a]
    29 00000005 8A1D[01000000]                 mov bl,[b]
    30 0000000B F6EB                           imul bl; in ax am a*b
    31 0000000D 6689C1                         mov cx,ax;in cx am a*b
    32                                         
    33                                         
    34 00000010 A0[02000000]                   mov al,[c]
    35 00000015 8A1D[03000000]                 mov bl,[d]
    36 0000001B F6EB                           imul bl ; in ax am c*d
    37 0000001D 66BB0200                       mov bx,2
    38 00000021 66F7EB                         imul bx ; in dx:ax am 2*c*d
    39 00000024 6652                           push dx
    40 00000026 6650                           push ax
    41 00000028 5B                             pop ebx ;in eax am 2*c*d
    42                                         
    43                                         
    44 00000029 6689C8                         mov ax,cx ; in ax am a*b
    45 0000002C 6699                           cwd ; in dx:ax am a*b
    46 0000002E 98                             cwde ; in eax am a*b
    47 0000002F 29D8                           sub eax,ebx ; in eax am a*b-2*c*d
    48 00000031 50                             push eax ; l-am pus in stiva
    49                                         
    50 00000032 A0[02000000]                   mov al,[c]
    51 00000037 6698                           cbw ; in ax am c
    52 00000039 668B1D[04000000]               mov bx,[e]
    53 00000040 6629D8                         sub ax,bx ; in ax am c-e
    54 00000043 6689C3                         mov bx,ax
    55                                         
    56                                         
    57 00000046 58                             pop eax
    58 00000047 66F7FB                         idiv word bx ; in dx am restul si in ax am catul lui (a*b-2*c*d)/(c-e)
    59 0000004A 6689C1                         mov cx,ax ; acum e in cx
    60                                         
    61 0000004D A0[00000000]                   mov al,[a]
    62 00000052 6698                           cbw
    63 00000054 6699                           cwd
    64 00000056 98                             cwde ; in eax am a 
    65 00000057 89C3                           mov ebx,eax
    66 00000059 A1[06000000]                   mov eax ,[x]
    67 0000005E 8B15[0A000000]                 mov edx,[x+4] ; in edx:eax am x
    68 00000064 F7FB                           idiv dword ebx ; in eax am catul si in edx am restul lui x/a
    69 00000066 50                             push eax ; catul e in stiva
    70                                         
    71                                         
    72 00000067 6689C1                         mov cx,ax; (a*b-2*c*d)/(c-e) e in ax
    73 0000006A 6699                           cwd ; (a*b-2*c*d)/(c-e) e in dx:ax
    74 0000006C 98                             cwde; (a*b-2*c*d)/(c-e) e in eax
    75                                         
    76                                         
    77 0000006D 5B                             pop ebx ;x/a
    78 0000006E 29C3                           sub ebx,eax ;rezultatul e in ebx
    79                                         
    80                                          
    81                                          
    82                                          
    83                                          
    84                                          ; exit(0)
    85 00000070 6A00                            push    dword 0      ; push the parameter for exit onto the stack
    86 00000072 FF15[00000000]                  call    [exit]       ; call exit to terminate the program
