     1                                  bits 32 ; assembling for the 32 bits architecture
     2                                  
     3                                  ; declare the EntryPoint (a label defining the very first instruction of the program)
     4                                  global start        
     5                                  
     6                                  ; declare external functions needed by our program
     7                                  extern exit,scanf               ; tell nasm that exit exists even if we won't be defining it
     8                                  import exit msvcrt.dll
     9                                  import scanf msvcrt.dll    ; exit is a function that ends the calling process. It is defined in msvcrt.dll
    10                                                            ; msvcrt.dll contains exit, printf and all the other important C-runtime specific functions
    11                                  
    12                                  ; our data is declared here (the variables needed by our program)
    13                                  segment data use32 class=data
    14                                      ; ...
    15 00000000 <res 00000001>             a resb 1
    16 00000001 256400                     format db "%d",0
    17                                  ; our code starts here
    18                                  segment code use32 class=code
    19                                      start:
    20                                          ; ...
    21 00000000 68[00000000]                    push dword a
    22 00000005 68[01000000]                    push dword format
    23 0000000A FF15[00000000]                  call [scanf]
    24                                          
    25                                          
    26                                          
    27                                      ; exit(0)
    28 00000010 6A00                            push    dword 0      ; push the parameter for exit onto the stack
    29 00000012 FF15[00000000]                  call    [exit]       ; call exit to terminate the program
