     1                                  bits 32 ; assembling for the 32 bits architecture
     2                                  
     3                                  ; declare the EntryPoint (a label defining the very first instruction of the program)
     4                                  global start        
     5                                  
     6                                  ; declare external functions needed by our program
     7                                  extern exit               ; tell nasm that exit exists even if we won't be defining it
     8                                  import exit msvcrt.dll    ; exit is a function that ends the calling process. It is defined in msvcrt.dll
     9                                                            ; msvcrt.dll contains exit, printf and all the other important C-runtime specific functions
    10                                  
    11                                  ; our data is declared here (the variables needed by our program)
    12                                  segment data use32 class=data
    13                                      ; ...
    14                                  
    15                                  ; our code starts here
    16                                  segment code use32 class=code
    17                                      start:
    18                                          ; ...
    19 00000000 B100                            mov cl,0
    20 00000002 B0C8                            mov al,200
    21 00000004 66BBFFFF                        mov bx,-1
    22 00000008 6639D8                          cmp ax,bx
    23 0000000B 7F02                            jg maiMare
    24 0000000D EB02                            jmp finish
    25                                          
    26                                          
    27                                          maiMare:
    28 0000000F B101                            mov cl,1
    29                                          
    30                                          finish:
    31                                          
    32                                  
    33                                          ; exit(0)
    34 00000011 6A00                            push    dword 0      ; push the parameter for exit onto the stack
    35 00000013 FF15[00000000]                  call    [exit]       ; call exit to terminate the program
